# JRE version: OpenJDK Runtime Environment 18.9 (11.0.16+8) (build 11.0.16+8)
# Java VM: OpenJDK 64-Bit Server VM 18.9 (11.0.16+8, mixed mode, tiered, compressed oops, g1 gc, windows-amd64)
Heap:
 garbage-first heap   total 251904K, used 123685K [0x0000000080000000, 0x0000000100000000)
  region size 1024K, 71 young (72704K), 19 survivors (19456K)
 Metaspace       used 83138K, capacity 85555K, committed 85808K, reserved 591872K
  class space    used 10608K, capacity 11604K, committed 11648K, reserved 516096K
GC Heap History (20 events):
Event: 3.448 GC heap before
{Heap before GC invocations=0 (full 0):
 garbage-first heap   total 251904K, used 27648K [0x0000000080000000, 0x0000000100000000)
  region size 1024K, 24 young (24576K), 0 survivors (0K)
 Metaspace       used 10089K, capacity 10262K, committed 10368K, reserved 526336K
  class space    used 1027K, capacity 1107K, committed 1152K, reserved 516096K
}
Event: 3.604 GC heap after
{Heap after GC invocations=1 (full 0):
 garbage-first heap   total 251904K, used 10493K [0x0000000080000000, 0x0000000100000000)
  region size 1024K, 3 young (3072K), 3 survivors (3072K)
 Metaspace       used 10089K, capacity 10262K, committed 10368K, reserved 526336K
  class space    used 1027K, capacity 1107K, committed 1152K, reserved 516096K
}
Event: 11.343 GC heap before
{Heap before GC invocations=1 (full 0):
 garbage-first heap   total 251904K, used 103677K [0x0000000080000000, 0x0000000100000000)
  region size 1024K, 94 young (96256K), 3 survivors (3072K)
 Metaspace       used 20827K, capacity 21226K, committed 21296K, reserved 536576K
  class space    used 2494K, capacity 2686K, committed 2688K, reserved 516096K
}
Event: 11.360 GC heap after
{Heap after GC invocations=2 (full 0):
 garbage-first heap   total 251904K, used 17952K [0x0000000080000000, 0x0000000100000000)
  region size 1024K, 11 young (11264K), 11 survivors (11264K)
 Metaspace       used 20827K, capacity 21226K, committed 21296K, reserved 536576K
  class space    used 2494K, capacity 2686K, committed 2688K, reserved 516096K
}
Event: 11.799 GC heap before
{Heap before GC invocations=3 (full 0):
 garbage-first heap   total 251904K, used 29216K [0x0000000080000000, 0x0000000100000000)
  region size 1024K, 22 young (22528K), 11 survivors (11264K)
 Metaspace       used 21902K, capacity 22370K, committed 22576K, reserved 536576K
  class space    used 2662K, capacity 2854K, committed 2944K, reserved 516096K
}
Event: 11.806 GC heap after
{Heap after GC invocations=4 (full 0):
 garbage-first heap   total 251904K, used 18760K [0x0000000080000000, 0x0000000100000000)
  region size 1024K, 1 young (1024K), 1 survivors (1024K)
 Metaspace       used 21902K, capacity 22370K, committed 22576K, reserved 536576K
  class space    used 2662K, capacity 2854K, committed 2944K, reserved 516096K
}
Event: 17.846 GC heap before
{Heap before GC invocations=5 (full 0):
 garbage-first heap   total 251904K, used 118088K [0x0000000080000000, 0x0000000100000000)
  region size 1024K, 98 young (100352K), 1 survivors (1024K)
 Metaspace       used 30839K, capacity 31546K, committed 31792K, reserved 544768K
  class space    used 4068K, capacity 4367K, committed 4480K, reserved 516096K
}
Event: 17.853 GC heap after
{Heap after GC invocations=6 (full 0):
 garbage-first heap   total 251904K, used 21513K [0x0000000080000000, 0x0000000100000000)
  region size 1024K, 4 young (4096K), 4 survivors (4096K)
 Metaspace       used 30839K, capacity 31546K, committed 31792K, reserved 544768K
  class space    used 4068K, capacity 4367K, committed 4480K, reserved 516096K
}
Event: 19.618 GC heap before
{Heap before GC invocations=6 (full 0):
 garbage-first heap   total 251904K, used 44041K [0x0000000080000000, 0x0000000100000000)
  region size 1024K, 27 young (27648K), 4 survivors (4096K)
 Metaspace       used 36582K, capacity 37443K, committed 37552K, reserved 548864K
  class space    used 4681K, capacity 5037K, committed 5120K, reserved 516096K
}
Event: 19.626 GC heap after
{Heap after GC invocations=7 (full 0):
 garbage-first heap   total 251904K, used 24271K [0x0000000080000000, 0x0000000100000000)
  region size 1024K, 7 young (7168K), 7 survivors (7168K)
 Metaspace       used 36582K, capacity 37443K, committed 37552K, reserved 548864K
  class space    used 4681K, capacity 5037K, committed 5120K, reserved 516096K
}
Event: 31.614 GC heap before
{Heap before GC invocations=8 (full 0):
 garbage-first heap   total 251904K, used 143055K [0x0000000080000000, 0x0000000100000000)
  region size 1024K, 120 young (122880K), 7 survivors (7168K)
 Metaspace       used 44699K, capacity 45975K, committed 46256K, reserved 557056K
  class space    used 5602K, capacity 6098K, committed 6144K, reserved 516096K
}
Event: 31.635 GC heap after
{Heap after GC invocations=9 (full 0):
 garbage-first heap   total 251904K, used 31629K [0x0000000080000000, 0x0000000100000000)
  region size 1024K, 14 young (14336K), 14 survivors (14336K)
 Metaspace       used 44699K, capacity 45975K, committed 46256K, reserved 557056K
  class space    used 5602K, capacity 6098K, committed 6144K, reserved 516096K
}
Event: 40.582 GC heap before
{Heap before GC invocations=9 (full 0):
 garbage-first heap   total 251904K, used 169869K [0x0000000080000000, 0x0000000100000000)
  region size 1024K, 143 young (146432K), 14 survivors (14336K)
 Metaspace       used 55148K, capacity 56768K, committed 56880K, reserved 565248K
  class space    used 7055K, capacity 7704K, committed 7808K, reserved 516096K
}
Event: 40.596 GC heap after
{Heap after GC invocations=10 (full 0):
 garbage-first heap   total 251904K, used 43147K [0x0000000080000000, 0x0000000100000000)
  region size 1024K, 13 young (13312K), 13 survivors (13312K)
 Metaspace       used 55148K, capacity 56768K, committed 56880K, reserved 565248K
  class space    used 7055K, capacity 7704K, committed 7808K, reserved 516096K
}
Event: 43.053 GC heap before
{Heap before GC invocations=10 (full 0):
 garbage-first heap   total 251904K, used 115851K [0x0000000080000000, 0x0000000100000000)
  region size 1024K, 85 young (87040K), 13 survivors (13312K)
 Metaspace       used 61033K, capacity 62810K, committed 62896K, reserved 571392K
  class space    used 7927K, capacity 8655K, committed 8704K, reserved 516096K
}
Event: 43.066 GC heap after
{Heap after GC invocations=11 (full 0):
 garbage-first heap   total 251904K, used 45233K [0x0000000080000000, 0x0000000100000000)
  region size 1024K, 9 young (9216K), 9 survivors (9216K)
 Metaspace       used 61033K, capacity 62810K, committed 62896K, reserved 571392K
  class space    used 7927K, capacity 8655K, committed 8704K, reserved 516096K
}
Event: 57.289 GC heap before
{Heap before GC invocations=12 (full 0):
 garbage-first heap   total 251904K, used 179377K [0x0000000080000000, 0x0000000100000000)
  region size 1024K, 140 young (143360K), 9 survivors (9216K)
 Metaspace       used 69163K, capacity 71295K, committed 71472K, reserved 579584K
  class space    used 8981K, capacity 9837K, committed 9856K, reserved 516096K
}
Event: 57.298 GC heap after
{Heap after GC invocations=13 (full 0):
 garbage-first heap   total 251904K, used 51513K [0x0000000080000000, 0x0000000100000000)
  region size 1024K, 15 young (15360K), 15 survivors (15360K)
 Metaspace       used 69163K, capacity 71295K, committed 71472K, reserved 579584K
  class space    used 8981K, capacity 9837K, committed 9856K, reserved 516096K
}
Event: 69.319 GC heap before
{Heap before GC invocations=13 (full 0):
 garbage-first heap   total 251904K, used 187705K [0x0000000080000000, 0x0000000100000000)
  region size 1024K, 146 young (149504K), 15 survivors (15360K)
 Metaspace       used 78359K, capacity 80664K, committed 80816K, reserved 587776K
  class space    used 10040K, capacity 10981K, committed 11008K, reserved 516096K
}
Event: 69.332 GC heap after
{Heap after GC invocations=14 (full 0):
 garbage-first heap   total 251904K, used 64293K [0x0000000080000000, 0x0000000100000000)
  region size 1024K, 19 young (19456K), 19 survivors (19456K)
 Metaspace       used 78359K, capacity 80664K, committed 80816K, reserved 587776K
  class space    used 10040K, capacity 10981K, committed 11008K, reserved 516096K
}

