# JRE version: OpenJDK Runtime Environment 18.9 (11.0.16+8) (build 11.0.16+8)
# Java VM: OpenJDK 64-Bit Server VM 18.9 (11.0.16+8, mixed mode, tiered, compressed oops, g1 gc, windows-amd64)
Heap:
 garbage-first heap   total 251904K, used 76192K [0x0000000080000000, 0x0000000100000000)
  region size 1024K, 22 young (22528K), 18 survivors (18432K)
 Metaspace       used 86111K, capacity 88531K, committed 88828K, reserved 593920K
  class space    used 11036K, capacity 12055K, committed 12108K, reserved 516096K
GC Heap History (20 events):
Event: 2.430 GC heap before
{Heap before GC invocations=0 (full 0):
 garbage-first heap   total 251904K, used 27648K [0x0000000080000000, 0x0000000100000000)
  region size 1024K, 24 young (24576K), 0 survivors (0K)
 Metaspace       used 10102K, capacity 10262K, committed 10368K, reserved 526336K
  class space    used 1027K, capacity 1107K, committed 1152K, reserved 516096K
}
Event: 2.671 GC heap after
{Heap after GC invocations=1 (full 0):
 garbage-first heap   total 251904K, used 10478K [0x0000000080000000, 0x0000000100000000)
  region size 1024K, 3 young (3072K), 3 survivors (3072K)
 Metaspace       used 10102K, capacity 10262K, committed 10368K, reserved 526336K
  class space    used 1027K, capacity 1107K, committed 1152K, reserved 516096K
}
Event: 9.171 GC heap before
{Heap before GC invocations=1 (full 0):
 garbage-first heap   total 251904K, used 103662K [0x0000000080000000, 0x0000000100000000)
  region size 1024K, 94 young (96256K), 3 survivors (3072K)
 Metaspace       used 20839K, capacity 21194K, committed 21296K, reserved 536576K
  class space    used 2493K, capacity 2654K, committed 2688K, reserved 516096K
}
Event: 9.251 GC heap after
{Heap after GC invocations=2 (full 0):
 garbage-first heap   total 251904K, used 17922K [0x0000000080000000, 0x0000000100000000)
  region size 1024K, 11 young (11264K), 11 survivors (11264K)
 Metaspace       used 20839K, capacity 21194K, committed 21296K, reserved 536576K
  class space    used 2493K, capacity 2654K, committed 2688K, reserved 516096K
}
Event: 9.663 GC heap before
{Heap before GC invocations=3 (full 0):
 garbage-first heap   total 251904K, used 24066K [0x0000000080000000, 0x0000000100000000)
  region size 1024K, 17 young (17408K), 11 survivors (11264K)
 Metaspace       used 21627K, capacity 22117K, committed 22192K, reserved 536576K
  class space    used 2609K, capacity 2791K, committed 2816K, reserved 516096K
}
Event: 9.672 GC heap after
{Heap after GC invocations=4 (full 0):
 garbage-first heap   total 251904K, used 18259K [0x0000000080000000, 0x0000000100000000)
  region size 1024K, 1 young (1024K), 1 survivors (1024K)
 Metaspace       used 21627K, capacity 22117K, committed 22192K, reserved 536576K
  class space    used 2609K, capacity 2791K, committed 2816K, reserved 516096K
}
Event: 15.378 GC heap before
{Heap before GC invocations=5 (full 0):
 garbage-first heap   total 251904K, used 116563K [0x0000000080000000, 0x0000000100000000)
  region size 1024K, 97 young (99328K), 1 survivors (1024K)
 Metaspace       used 30267K, capacity 31028K, committed 31152K, reserved 544768K
  class space    used 3971K, capacity 4280K, committed 4352K, reserved 516096K
}
Event: 15.382 GC heap after
{Heap after GC invocations=6 (full 0):
 garbage-first heap   total 251904K, used 21225K [0x0000000080000000, 0x0000000100000000)
  region size 1024K, 4 young (4096K), 4 survivors (4096K)
 Metaspace       used 30267K, capacity 31028K, committed 31152K, reserved 544768K
  class space    used 3971K, capacity 4280K, committed 4352K, reserved 516096K
}
Event: 17.596 GC heap before
{Heap before GC invocations=6 (full 0):
 garbage-first heap   total 251904K, used 47849K [0x0000000080000000, 0x0000000100000000)
  region size 1024K, 31 young (31744K), 4 survivors (4096K)
 Metaspace       used 36045K, capacity 36860K, committed 36912K, reserved 548864K
  class space    used 4598K, capacity 4949K, committed 4992K, reserved 516096K
}
Event: 17.603 GC heap after
{Heap after GC invocations=7 (full 0):
 garbage-first heap   total 251904K, used 23838K [0x0000000080000000, 0x0000000100000000)
  region size 1024K, 6 young (6144K), 6 survivors (6144K)
 Metaspace       used 36045K, capacity 36860K, committed 36912K, reserved 548864K
  class space    used 4598K, capacity 4949K, committed 4992K, reserved 516096K
}
Event: 32.022 GC heap before
{Heap before GC invocations=8 (full 0):
 garbage-first heap   total 251904K, used 154910K [0x0000000080000000, 0x0000000100000000)
  region size 1024K, 131 young (134144K), 6 survivors (6144K)
 Metaspace       used 45434K, capacity 46683K, committed 46896K, reserved 557056K
  class space    used 5724K, capacity 6204K, committed 6272K, reserved 516096K
}
Event: 32.039 GC heap after
{Heap after GC invocations=9 (full 0):
 garbage-first heap   total 251904K, used 31478K [0x0000000080000000, 0x0000000100000000)
  region size 1024K, 14 young (14336K), 14 survivors (14336K)
 Metaspace       used 45434K, capacity 46683K, committed 46896K, reserved 557056K
  class space    used 5724K, capacity 6204K, committed 6272K, reserved 516096K
}
Event: 46.085 GC heap before
{Heap before GC invocations=9 (full 0):
 garbage-first heap   total 251904K, used 168694K [0x0000000080000000, 0x0000000100000000)
  region size 1024K, 142 young (145408K), 14 survivors (14336K)
 Metaspace       used 55691K, capacity 57314K, committed 57392K, reserved 567296K
  class space    used 7126K, capacity 7801K, committed 7808K, reserved 516096K
}
Event: 46.097 GC heap after
{Heap after GC invocations=10 (full 0):
 garbage-first heap   total 251904K, used 42805K [0x0000000080000000, 0x0000000100000000)
  region size 1024K, 13 young (13312K), 13 survivors (13312K)
 Metaspace       used 55691K, capacity 57314K, committed 57392K, reserved 567296K
  class space    used 7126K, capacity 7801K, committed 7808K, reserved 516096K
}
Event: 47.330 GC heap before
{Heap before GC invocations=10 (full 0):
 garbage-first heap   total 251904K, used 94005K [0x0000000080000000, 0x0000000100000000)
  region size 1024K, 64 young (65536K), 13 survivors (13312K)
 Metaspace       used 59951K, capacity 61712K, committed 61948K, reserved 571392K
  class space    used 7760K, capacity 8483K, committed 8524K, reserved 516096K
}
Event: 47.345 GC heap after
{Heap after GC invocations=11 (full 0):
 garbage-first heap   total 251904K, used 45053K [0x0000000080000000, 0x0000000100000000)
  region size 1024K, 9 young (9216K), 9 survivors (9216K)
 Metaspace       used 59951K, capacity 61712K, committed 61948K, reserved 571392K
  class space    used 7760K, capacity 8483K, committed 8524K, reserved 516096K
}
Event: 57.306 GC heap before
{Heap before GC invocations=12 (full 0):
 garbage-first heap   total 251904K, used 179197K [0x0000000080000000, 0x0000000100000000)
  region size 1024K, 140 young (143360K), 9 survivors (9216K)
 Metaspace       used 68393K, capacity 70465K, committed 70652K, reserved 577536K
  class space    used 8899K, capacity 9741K, committed 9804K, reserved 516096K
}
Event: 57.314 GC heap after
{Heap after GC invocations=13 (full 0):
 garbage-first heap   total 251904K, used 50036K [0x0000000080000000, 0x0000000100000000)
  region size 1024K, 14 young (14336K), 14 survivors (14336K)
 Metaspace       used 68393K, capacity 70465K, committed 70652K, reserved 577536K
  class space    used 8899K, capacity 9741K, committed 9804K, reserved 516096K
}
Event: 68.587 GC heap before
{Heap before GC invocations=13 (full 0):
 garbage-first heap   total 251904K, used 186228K [0x0000000080000000, 0x0000000100000000)
  region size 1024K, 146 young (149504K), 14 survivors (14336K)
 Metaspace       used 76671K, capacity 79011K, committed 79100K, reserved 585728K
  class space    used 9877K, capacity 10815K, committed 10828K, reserved 516096K
}
Event: 68.600 GC heap after
{Heap after GC invocations=14 (full 0):
 garbage-first heap   total 251904K, used 60982K [0x0000000080000000, 0x0000000100000000)
  region size 1024K, 17 young (17408K), 17 survivors (17408K)
 Metaspace       used 76671K, capacity 79011K, committed 79100K, reserved 585728K
  class space    used 9877K, capacity 10815K, committed 10828K, reserved 516096K
}

